2026-02-20 04:07:37,046  INFO      p2_sec_filings  [AAPL] Looking up CIK...
2026-02-20 04:07:37,464  INFO      p2_sec_filings  [AAPL] CIK found: 0000320193
2026-02-20 04:07:37,468  INFO      p2_sec_filings  [AAPL] 10-K: fetching from EDGAR...
2026-02-20 04:07:37,915  INFO      p2_sec_filings  [AAPL] 10-Q: fetching from EDGAR...
2026-02-20 04:07:38,303  INFO      p2_sec_filings  [AAPL] 8-K: fetching from EDGAR...
2026-02-20 04:08:52,243  INFO      p2_sec_filings  [AMZN] Looking up CIK...
2026-02-20 04:08:52,669  INFO      p2_sec_filings  [AMZN] CIK found: 0001018724
2026-02-20 04:08:52,673  INFO      p2_sec_filings  [AMZN] 10-K: fetching from EDGAR...
2026-02-20 04:08:53,160  INFO      p2_sec_filings  [AMZN] 10-Q: fetching from EDGAR...
2026-02-20 04:08:53,542  INFO      p2_sec_filings  [AMZN] 8-K: fetching from EDGAR...
2026-02-20 10:06:12,268  INFO      p2_sec_filings  [NVDA] Looking up CIK...
2026-02-20 10:06:12,787  INFO      p2_sec_filings  [NVDA] CIK found: 0001045810
2026-02-20 10:06:12,791  INFO      p2_sec_filings  [NVDA] 10-K: fetching from EDGAR...
2026-02-20 10:06:13,340  INFO      p2_sec_filings  [NVDA] 10-Q: fetching from EDGAR...
2026-02-20 10:06:13,782  INFO      p2_sec_filings  [NVDA] 8-K: fetching from EDGAR...
<<<<<<< HEAD
2026-02-22 20:34:29,304  INFO      p2_sec_filings  [NFLX] Looking up CIK...
2026-02-22 20:34:29,663  INFO      p2_sec_filings  [NFLX] CIK found: 0001065280
2026-02-22 20:34:29,666  INFO      p2_sec_filings  [NFLX] 10-K: fetching from EDGAR...
2026-02-22 20:34:30,088  INFO      p2_sec_filings  [NFLX] 10-Q: fetching from EDGAR...
2026-02-22 20:34:30,474  INFO      p2_sec_filings  [NFLX] 8-K: fetching from EDGAR...
2026-02-24 21:56:37,418  INFO      p2_sec_filings  [MSFT] 10-K: fetching from EDGAR...
2026-02-24 21:56:39,159  INFO      p2_sec_filings  [MSFT] 10-Q: fetching from EDGAR...
2026-02-24 21:56:40,507  INFO      p2_sec_filings  [MSFT] 8-K: fetching from EDGAR...
2026-02-24 21:58:07,633  INFO      p2_sec_filings  [NFLX] 10-K: fetching from EDGAR...
2026-02-24 21:58:09,096  INFO      p2_sec_filings  [NFLX] 10-Q: fetching from EDGAR...
2026-02-24 21:58:10,445  INFO      p2_sec_filings  [NFLX] 8-K: fetching from EDGAR...
2026-02-24 22:16:54,285  INFO      p2_sec_filings  [TSLA] Looking up CIK...
2026-02-24 22:16:55,840  INFO      p2_sec_filings  [TSLA] CIK found: 0001318605
2026-02-24 22:16:55,848  INFO      p2_sec_filings  [TSLA] 10-K: fetching from EDGAR...
2026-02-24 22:16:57,065  INFO      p2_sec_filings  [TSLA] 10-Q: fetching from EDGAR...
2026-02-24 22:16:58,191  INFO      p2_sec_filings  [TSLA] 8-K: fetching from EDGAR...
2026-02-24 22:19:09,758  INFO      p2_sec_filings  [CRM] Looking up CIK...
2026-02-24 22:19:11,057  INFO      p2_sec_filings  [CRM] CIK found: 0001108524
2026-02-24 22:19:11,066  INFO      p2_sec_filings  [CRM] 10-K: fetching from EDGAR...
2026-02-24 22:19:12,112  INFO      p2_sec_filings  [CRM] 10-Q: fetching from EDGAR...
2026-02-24 22:19:13,060  INFO      p2_sec_filings  [CRM] 8-K: fetching from EDGAR...
2026-02-24 22:22:57,227  INFO      p2_sec_filings  [META] Looking up CIK...
2026-02-24 22:22:58,851  INFO      p2_sec_filings  [META] CIK found: 0001326801
2026-02-24 22:22:58,858  INFO      p2_sec_filings  [META] 10-K: fetching from EDGAR...
2026-02-24 22:22:59,847  INFO      p2_sec_filings  [META] 10-Q: fetching from EDGAR...
2026-02-24 22:23:00,664  INFO      p2_sec_filings  [META] 8-K: fetching from EDGAR...
=======
2026-02-20 17:08:18,931  INFO      p2_sec_filings  ── P2 START: AAPL ──
2026-02-20 17:08:18,931  INFO      p2_sec_filings  [AAPL] 10-K: fetching from EDGAR...
2026-02-20 17:08:19,368  INFO      p2_sec_filings  [AAPL] 10-K: 10 filings saved → AAPL_filings_10-K.json
2026-02-20 17:08:19,369  INFO      p2_sec_filings  [AAPL] 10-Q: fetching from EDGAR...
2026-02-20 17:08:19,820  INFO      p2_sec_filings  [AAPL] 10-Q: 10 filings saved → AAPL_filings_10-Q.json
2026-02-20 17:08:19,820  INFO      p2_sec_filings  [AAPL] 8-K: fetching from EDGAR...
2026-02-20 17:08:20,202  INFO      p2_sec_filings  [AAPL] 8-K: 10 filings saved → AAPL_filings_8-K.json
2026-02-20 17:08:20,203  INFO      p2_sec_filings  [AAPL] 30 total filings → AAPL_p2_filings.json
2026-02-20 17:08:20,203  INFO      p2_sec_filings  ── P2 DONE: AAPL ──
2026-02-20 17:55:55,019  INFO      p2_sec_filings  ── P2 START: AAPL ──
2026-02-20 17:55:55,020  INFO      p2_sec_filings  [AAPL] 10-K: cache hit
2026-02-20 17:55:55,020  INFO      p2_sec_filings  [AAPL] 10-Q: cache hit
2026-02-20 17:55:55,020  INFO      p2_sec_filings  [AAPL] 8-K: cache hit
2026-02-20 17:55:55,021  INFO      p2_sec_filings  [AAPL] 30 total filings → AAPL_p2_filings.json
2026-02-20 17:55:55,021  INFO      p2_sec_filings  ── P2 DONE: AAPL ──
2026-02-20 17:58:10,252  INFO      p2_sec_filings  ── P2 START: NFLX ──
2026-02-20 17:58:10,252  INFO      p2_sec_filings  [NFLX] Looking up CIK...
2026-02-20 17:58:10,605  INFO      p2_sec_filings  [NFLX] CIK found: 0001065280
2026-02-20 17:58:10,606  INFO      p2_sec_filings  [NFLX] 10-K: fetching from EDGAR...
2026-02-20 17:58:11,030  INFO      p2_sec_filings  [NFLX] 10-K: 4 filings saved → NFLX_filings_10-K.json
2026-02-20 17:58:11,031  INFO      p2_sec_filings  [NFLX] 10-Q: fetching from EDGAR...
2026-02-20 17:58:11,389  INFO      p2_sec_filings  [NFLX] 10-Q: 9 filings saved → NFLX_filings_10-Q.json
2026-02-20 17:58:11,389  INFO      p2_sec_filings  [NFLX] 8-K: fetching from EDGAR...
2026-02-20 17:58:11,762  INFO      p2_sec_filings  [NFLX] 8-K: 10 filings saved → NFLX_filings_8-K.json
2026-02-20 17:58:11,762  INFO      p2_sec_filings  [NFLX] 23 total filings → NFLX_p2_filings.json
2026-02-20 17:58:11,762  INFO      p2_sec_filings  ── P2 DONE: NFLX ──
>>>>>>> 42cf9682ffda9902bcefaac70ae262921ce4a621
2026-02-24 22:40:12,552  INFO      p2_sec_filings  [AMD] Looking up CIK...
2026-02-24 22:40:13,959  INFO      p2_sec_filings  [AMD] CIK found: 0000002488
2026-02-24 22:40:13,966  INFO      p2_sec_filings  [AMD] 10-K: fetching from EDGAR...
2026-02-24 22:40:15,478  INFO      p2_sec_filings  [AMD] 10-Q: fetching from EDGAR...
2026-02-24 22:40:16,416  INFO      p2_sec_filings  [AMD] 8-K: fetching from EDGAR...
2026-02-24 22:45:26,212  INFO      p2_sec_filings  [NFLX] 10-K: cache hit
2026-02-24 23:02:49,575  INFO      p2_sec_filings  [NFLX] Looking up CIK...
2026-02-24 23:02:51,139  INFO      p2_sec_filings  [NFLX] CIK found: 0001065280
2026-02-24 23:02:51,150  INFO      p2_sec_filings  [NFLX] 10-K: fetching from EDGAR...
2026-02-24 23:02:52,473  INFO      p2_sec_filings  [NFLX] 10-Q: fetching from EDGAR...
2026-02-24 23:02:53,641  INFO      p2_sec_filings  [NFLX] 8-K: fetching from EDGAR...
2026-02-24 23:13:09,149  INFO      p2_sec_filings  [NFLX] 10-K: cache hit
2026-02-24 23:13:09,192  INFO      p2_sec_filings  [NFLX] 10-Q: cache hit
2026-02-24 23:13:09,241  INFO      p2_sec_filings  [NFLX] 8-K: cache hit
2026-02-24 23:22:59,650  INFO      p2_sec_filings  -- P2 START: NFLX --
2026-02-24 23:22:59,653  INFO      p2_sec_filings  [NFLX] 10-K: cache hit
2026-02-24 23:22:59,653  INFO      p2_sec_filings  [NFLX] 10-Q: cache hit
2026-02-24 23:22:59,653  INFO      p2_sec_filings  [NFLX] 8-K: cache hit
2026-02-24 23:22:59,661  INFO      p2_sec_filings  [NFLX] 23 total filings -> NFLX_p2_filings.json
2026-02-24 23:22:59,661  INFO      p2_sec_filings  -- P2 DONE: NFLX --
2026-02-24 23:58:53,796  INFO      p2_sec_filings  -- P2 START: NFLX --
2026-02-24 23:58:53,799  INFO      p2_sec_filings  [NFLX] 10-K: cache hit
2026-02-24 23:58:53,801  INFO      p2_sec_filings  [NFLX] 10-Q: cache hit
2026-02-24 23:58:53,806  INFO      p2_sec_filings  [NFLX] 8-K: cache hit
2026-02-24 23:58:53,810  INFO      p2_sec_filings  [NFLX] 23 total filings -> NFLX_p2_filings.json
2026-02-24 23:58:53,812  INFO      p2_sec_filings  -- P2 DONE: NFLX --
2026-02-25 00:02:39,562  INFO      p2_sec_filings  -- P2 START: NFLX --
2026-02-25 00:02:39,566  INFO      p2_sec_filings  [NFLX] 10-K: cache hit
2026-02-25 00:02:39,567  INFO      p2_sec_filings  [NFLX] 10-Q: cache hit
2026-02-25 00:02:39,568  INFO      p2_sec_filings  [NFLX] 8-K: cache hit
2026-02-25 00:02:39,572  INFO      p2_sec_filings  [NFLX] 23 total filings -> NFLX_p2_filings.json
2026-02-25 00:02:39,572  INFO      p2_sec_filings  -- P2 DONE: NFLX --
2026-02-25 00:19:00,538  INFO      p2_sec_filings  -- P2 START: AAPL --
2026-02-25 00:19:00,539  INFO      p2_sec_filings  [AAPL] Looking up CIK...
2026-02-25 00:19:01,370  INFO      p2_sec_filings  [AAPL] CIK found: 0000320193
2026-02-25 00:19:01,376  INFO      p2_sec_filings  [AAPL] 10-K: fetching from EDGAR...
2026-02-25 00:19:02,060  INFO      p2_sec_filings  [AAPL] 10-K: 10 filings saved -> AAPL_filings_10-K.json
2026-02-25 00:19:02,093  INFO      p2_sec_filings  [AAPL] 10-Q: fetching from EDGAR...
2026-02-25 00:19:02,964  INFO      p2_sec_filings  [AAPL] 10-Q: 10 filings saved -> AAPL_filings_10-Q.json
2026-02-25 00:19:02,967  INFO      p2_sec_filings  [AAPL] 8-K: fetching from EDGAR...
2026-02-25 00:19:03,640  INFO      p2_sec_filings  [AAPL] 8-K: 10 filings saved -> AAPL_filings_8-K.json
2026-02-25 00:19:03,650  INFO      p2_sec_filings  [AAPL] 30 total filings -> AAPL_p2_filings.json
2026-02-25 00:19:03,657  INFO      p2_sec_filings  -- P2 DONE: AAPL --
2026-02-25 00:28:09,126  INFO      p2_sec_filings  -- P2 START: MSFT --
2026-02-25 00:28:09,128  INFO      p2_sec_filings  [MSFT] Looking up CIK...
2026-02-25 00:28:10,085  INFO      p2_sec_filings  [MSFT] CIK found: 0000789019
2026-02-25 00:28:10,088  INFO      p2_sec_filings  [MSFT] 10-K: fetching from EDGAR...
2026-02-25 00:28:10,798  INFO      p2_sec_filings  [MSFT] 10-K: 6 filings saved -> MSFT_filings_10-K.json
2026-02-25 00:28:10,805  INFO      p2_sec_filings  [MSFT] 10-Q: fetching from EDGAR...
2026-02-25 00:28:11,457  INFO      p2_sec_filings  [MSFT] 10-Q: 10 filings saved -> MSFT_filings_10-Q.json
2026-02-25 00:28:11,462  INFO      p2_sec_filings  [MSFT] 8-K: fetching from EDGAR...
2026-02-25 00:28:12,105  INFO      p2_sec_filings  [MSFT] 8-K: 10 filings saved -> MSFT_filings_8-K.json
2026-02-25 00:28:12,110  INFO      p2_sec_filings  [MSFT] 26 total filings -> MSFT_p2_filings.json
2026-02-25 00:28:12,111  INFO      p2_sec_filings  -- P2 DONE: MSFT --
2026-02-25 01:48:01,810  INFO      p2_sec_filings  -- P2 START: NFLX --
2026-02-25 01:48:01,810  INFO      p2_sec_filings  [NFLX] 10-K: cache hit
2026-02-25 01:48:01,810  INFO      p2_sec_filings  [NFLX] 10-Q: cache hit
2026-02-25 01:48:01,810  INFO      p2_sec_filings  [NFLX] 8-K: cache hit
2026-02-25 01:48:01,823  INFO      p2_sec_filings  [NFLX] 23 total filings -> NFLX_p2_filings.json
2026-02-25 01:48:01,823  INFO      p2_sec_filings  -- P2 DONE: NFLX --
