2026-02-20 04:07:38,899  INFO      p4_executives  [AAPL] executives: fetching...
2026-02-20 04:07:39,010  INFO      p4_executives  [AAPL] institutions: fetching...
2026-02-20 04:08:54,408  INFO      p4_executives  [AMZN] executives: fetching...
2026-02-20 04:08:54,527  INFO      p4_executives  [AMZN] institutions: fetching...
2026-02-20 10:06:14,538  INFO      p4_executives  [NVDA] executives: fetching...
2026-02-20 10:06:14,652  INFO      p4_executives  [NVDA] institutions: fetching...
<<<<<<< HEAD
2026-02-22 20:34:31,059  INFO      p4_executives  [NFLX] executives: fetching...
2026-02-22 20:34:31,232  INFO      p4_executives  [NFLX] institutions: fetching...
2026-02-24 21:56:42,968  INFO      p4_executives  [MSFT] executives: cache hit
2026-02-24 21:56:43,003  INFO      p4_executives  [MSFT] institutions: cache hit
2026-02-24 21:58:13,079  INFO      p4_executives  [NFLX] executives: cache hit
2026-02-24 21:58:13,179  INFO      p4_executives  [NFLX] institutions: cache hit
2026-02-24 22:17:05,334  INFO      p4_executives  [TSLA] executives: fetching...
2026-02-24 22:17:05,659  INFO      p4_executives  [TSLA] institutions: fetching...
2026-02-24 22:19:36,823  INFO      p4_executives  [CRM] executives: fetching...
2026-02-24 22:19:36,958  INFO      p4_executives  [CRM] institutions: fetching...
2026-02-24 22:23:11,638  INFO      p4_executives  [META] executives: fetching...
2026-02-24 22:23:11,758  INFO      p4_executives  [META] institutions: fetching...
=======
2026-02-20 17:08:20,204  INFO      p4_executives  ── P4 START: AAPL ──
2026-02-20 17:08:20,204  INFO      p4_executives  [AAPL] executives: cache hit
2026-02-20 17:08:20,205  INFO      p4_executives  [AAPL] institutions: cache hit
2026-02-20 17:08:20,206  INFO      p4_executives  ── P4 DONE: AAPL ──
2026-02-20 17:55:55,021  INFO      p4_executives  ── P4 START: AAPL ──
2026-02-20 17:55:55,021  INFO      p4_executives  [AAPL] executives: cache hit
2026-02-20 17:55:55,022  INFO      p4_executives  [AAPL] institutions: cache hit
2026-02-20 17:55:55,022  INFO      p4_executives  ── P4 DONE: AAPL ──
2026-02-20 17:58:11,763  INFO      p4_executives  ── P4 START: NFLX ──
2026-02-20 17:58:11,763  INFO      p4_executives  [NFLX] executives: fetching...
2026-02-20 17:58:11,763  ERROR     p4_executives  [NFLX] executives: failed — No module named 'yfinance'
2026-02-20 17:58:11,763  INFO      p4_executives  [NFLX] institutions: fetching...
2026-02-20 17:58:11,763  ERROR     p4_executives  [NFLX] institutions: failed — No module named 'yfinance'
2026-02-20 17:58:11,764  INFO      p4_executives  ── P4 DONE: NFLX ──
>>>>>>> 42cf9682ffda9902bcefaac70ae262921ce4a621
2026-02-24 22:40:22,743  INFO      p4_executives  [AMD] executives: fetching...
2026-02-24 22:40:22,868  INFO      p4_executives  [AMD] institutions: fetching...
2026-02-24 22:45:34,375  INFO      p4_executives  [NFLX] executives: cache hit
2026-02-24 22:45:34,591  INFO      p4_executives  [NFLX] institutions: cache hit
2026-02-24 23:03:06,936  INFO      p4_executives  [NFLX] executives: fetching...
2026-02-24 23:03:07,184  INFO      p4_executives  [NFLX] institutions: fetching...
2026-02-24 23:13:09,428  INFO      p4_executives  [NFLX] executives: cache hit
2026-02-24 23:13:09,468  INFO      p4_executives  [NFLX] institutions: cache hit
2026-02-24 23:22:59,678  INFO      p4_executives  -- P4 START: NFLX --
2026-02-24 23:22:59,678  INFO      p4_executives  [NFLX] executives: cache hit
2026-02-24 23:22:59,678  INFO      p4_executives  [NFLX] institutions: cache hit
2026-02-24 23:22:59,686  INFO      p4_executives  -- P4 DONE: NFLX --
2026-02-24 23:58:53,822  INFO      p4_executives  -- P4 START: NFLX --
2026-02-24 23:58:53,825  INFO      p4_executives  [NFLX] executives: cache hit
2026-02-24 23:58:53,826  INFO      p4_executives  [NFLX] institutions: cache hit
2026-02-24 23:58:53,829  INFO      p4_executives  -- P4 DONE: NFLX --
2026-02-25 00:02:39,582  INFO      p4_executives  -- P4 START: NFLX --
2026-02-25 00:02:39,588  INFO      p4_executives  [NFLX] executives: cache hit
2026-02-25 00:02:39,591  INFO      p4_executives  [NFLX] institutions: cache hit
2026-02-25 00:02:39,594  INFO      p4_executives  -- P4 DONE: NFLX --
2026-02-25 00:19:08,932  INFO      p4_executives  -- P4 START: AAPL --
2026-02-25 00:19:08,933  INFO      p4_executives  [AAPL] executives: fetching...
2026-02-25 00:19:09,040  INFO      p4_executives  [AAPL] executives: 10 officers saved -> AAPL_executives.json
2026-02-25 00:19:09,041  INFO      p4_executives  [AAPL] institutions: fetching...
2026-02-25 00:19:09,126  INFO      p4_executives  [AAPL] institutions: 10 holders -> AAPL_institutions.json
2026-02-25 00:19:09,128  INFO      p4_executives  -- P4 DONE: AAPL --
2026-02-25 00:28:20,900  INFO      p4_executives  -- P4 START: MSFT --
2026-02-25 00:28:20,902  INFO      p4_executives  [MSFT] executives: fetching...
2026-02-25 00:28:21,012  INFO      p4_executives  [MSFT] executives: 10 officers saved -> MSFT_executives.json
2026-02-25 00:28:21,014  INFO      p4_executives  [MSFT] institutions: fetching...
2026-02-25 00:28:21,103  INFO      p4_executives  [MSFT] institutions: 10 holders -> MSFT_institutions.json
2026-02-25 00:28:21,106  INFO      p4_executives  -- P4 DONE: MSFT --
2026-02-25 01:48:06,056  INFO      p4_executives  -- P4 START: NFLX --
2026-02-25 01:48:06,172  INFO      p4_executives  [NFLX] executives: cache hit
2026-02-25 01:48:06,275  INFO      p4_executives  [NFLX] institutions: cache hit
2026-02-25 01:48:06,419  INFO      p4_executives  -- P4 DONE: NFLX --
