2026-02-20 04:07:34,348  INFO      run_ingestion  Starting watchlist ingestion: 1 tickers, pipelines=['p1', 'p2', 'p3', 'p4']
2026-02-20 04:07:34,362  INFO      run_ingestion  INGESTION START: AAPL  pipelines=['p1', 'p2', 'p3', 'p4']
2026-02-20 04:08:49,476  INFO      run_ingestion  Starting watchlist ingestion: 1 tickers, pipelines=['p1', 'p2', 'p3', 'p4']
2026-02-20 04:08:49,490  INFO      run_ingestion  INGESTION START: AMZN  pipelines=['p1', 'p2', 'p3', 'p4']
2026-02-20 10:06:09,599  INFO      run_ingestion  Starting watchlist ingestion: 1 tickers, pipelines=['p1', 'p2', 'p3', 'p4']
2026-02-20 10:06:09,769  INFO      run_ingestion  INGESTION START: NVDA  pipelines=['p1', 'p2', 'p3', 'p4']
<<<<<<< HEAD
2026-02-22 20:34:26,420  INFO      run_ingestion  Starting watchlist ingestion: 1 tickers, pipelines=['p1', 'p2', 'p3', 'p4']
2026-02-22 20:34:26,483  INFO      run_ingestion  INGESTION START: NFLX  pipelines=['p1', 'p2', 'p3', 'p4']
2026-02-24 21:56:31,531  INFO      run_ingestion  Starting watchlist ingestion: 1 tickers, pipelines=['p1', 'p2', 'p3', 'p4']
2026-02-24 21:56:31,543  INFO      run_ingestion  INGESTION START: MSFT  pipelines=['p1', 'p2', 'p3', 'p4']
2026-02-24 21:58:02,948  INFO      run_ingestion  Starting watchlist ingestion: 1 tickers, pipelines=['p1', 'p2', 'p3', 'p4']
2026-02-24 21:58:02,972  INFO      run_ingestion  INGESTION START: NFLX  pipelines=['p1', 'p2', 'p3', 'p4']
2026-02-24 22:16:49,613  INFO      run_ingestion  Starting watchlist ingestion: 1 tickers, pipelines=['p1', 'p2', 'p3', 'p4']
2026-02-24 22:16:49,638  INFO      run_ingestion  INGESTION START: TSLA  pipelines=['p1', 'p2', 'p3', 'p4']
2026-02-24 22:19:06,414  INFO      run_ingestion  Starting watchlist ingestion: 1 tickers, pipelines=['p1', 'p2', 'p3', 'p4']
2026-02-24 22:19:06,430  INFO      run_ingestion  INGESTION START: CRM  pipelines=['p1', 'p2', 'p3', 'p4']
2026-02-24 22:22:48,454  INFO      run_ingestion  Starting watchlist ingestion: 1 tickers, pipelines=['p1', 'p2', 'p3', 'p4']
2026-02-24 22:22:48,474  INFO      run_ingestion  INGESTION START: META  pipelines=['p1', 'p2', 'p3', 'p4']
2026-02-24 22:23:12,133  INFO      run_ingestion  [META] Run summary -> META_ingestion_run.json
=======
2026-02-20 17:08:18,913  INFO      run_ingestion  Starting watchlist ingestion: 1 tickers, pipelines=['p1', 'p2', 'p3', 'p4']
2026-02-20 17:08:18,913  INFO      run_ingestion  ═══════════════════════════════════════════════════════
2026-02-20 17:08:18,913  INFO      run_ingestion  INGESTION START: AAPL  pipelines=['p1', 'p2', 'p3', 'p4']
2026-02-20 17:08:18,913  INFO      run_ingestion  ═══════════════════════════════════════════════════════
2026-02-20 17:08:20,307  INFO      run_ingestion  [AAPL] Run summary → AAPL_ingestion_run.json
2026-02-20 17:08:20,814  INFO      run_ingestion  Watchlist complete. Summary → watchlist_run_summary.json
2026-02-20 17:55:54,986  INFO      run_ingestion  Starting watchlist ingestion: 1 tickers, pipelines=['p1', 'p2', 'p3', 'p4']
2026-02-20 17:55:54,987  INFO      run_ingestion  ═══════════════════════════════════════════════════════
2026-02-20 17:55:54,987  INFO      run_ingestion  INGESTION START: AAPL  pipelines=['p1', 'p2', 'p3', 'p4']
2026-02-20 17:55:54,987  INFO      run_ingestion  ═══════════════════════════════════════════════════════
2026-02-20 17:55:55,068  INFO      run_ingestion  [AAPL] Run summary → AAPL_ingestion_run.json
2026-02-20 17:55:55,574  INFO      run_ingestion  Watchlist complete. Summary → watchlist_run_summary.json
2026-02-20 17:58:10,246  INFO      run_ingestion  Starting watchlist ingestion: 1 tickers, pipelines=['p1', 'p2', 'p3', 'p4']
2026-02-20 17:58:10,246  INFO      run_ingestion  ═══════════════════════════════════════════════════════
2026-02-20 17:58:10,246  INFO      run_ingestion  INGESTION START: NFLX  pipelines=['p1', 'p2', 'p3', 'p4']
2026-02-20 17:58:10,246  INFO      run_ingestion  ═══════════════════════════════════════════════════════
2026-02-20 17:58:11,766  INFO      run_ingestion  [NFLX] Run summary → NFLX_ingestion_run.json
2026-02-20 17:58:12,272  INFO      run_ingestion  Watchlist complete. Summary → watchlist_run_summary.json
>>>>>>> 42cf9682ffda9902bcefaac70ae262921ce4a621
2026-02-24 22:40:07,631  INFO      run_ingestion  Starting watchlist ingestion: 1 tickers, pipelines=['p1', 'p2', 'p3', 'p4']
2026-02-24 22:40:07,644  INFO      run_ingestion  INGESTION START: AMD  pipelines=['p1', 'p2', 'p3', 'p4']
2026-02-24 22:40:23,254  INFO      run_ingestion  [AMD] Run summary -> AMD_ingestion_run.json
2026-02-24 22:45:25,996  INFO      run_ingestion  Starting watchlist ingestion: 1 tickers, pipelines=['p1', 'p2', 'p3', 'p4']
2026-02-24 22:45:26,013  INFO      run_ingestion  INGESTION START: NFLX  pipelines=['p1', 'p2', 'p3', 'p4']
2026-02-24 22:45:26,314  ERROR     run_ingestion  [NFLX] p2 crashed: Expecting property name enclosed in double quotes: line 12 column 1 (char 363)
2026-02-24 22:45:35,960  INFO      run_ingestion  [NFLX] Run summary -> NFLX_ingestion_run.json
2026-02-24 23:02:33,753  INFO      run_ingestion  Starting watchlist ingestion: 1 tickers, pipelines=['p1', 'p2', 'p3', 'p4']
2026-02-24 23:02:33,786  INFO      run_ingestion  INGESTION START: NFLX  pipelines=['p1', 'p2', 'p3', 'p4']
2026-02-24 23:03:07,734  INFO      run_ingestion  [NFLX] Run summary -> NFLX_ingestion_run.json
2026-02-24 23:13:08,813  INFO      run_ingestion  Starting watchlist ingestion: 1 tickers, pipelines=['p1', 'p2', 'p3', 'p4']
2026-02-24 23:13:08,813  INFO      run_ingestion  =======================================================
2026-02-24 23:13:08,813  INFO      run_ingestion  INGESTION START: NFLX  pipelines=['p1', 'p2', 'p3', 'p4']
2026-02-24 23:13:08,813  INFO      run_ingestion  =======================================================
2026-02-24 23:13:09,919  INFO      run_ingestion  [NFLX] Run summary -> NFLX_ingestion_run.json
2026-02-24 23:13:10,424  INFO      run_ingestion  Watchlist complete. Summary -> watchlist_run_summary.json
2026-02-24 23:22:59,523  INFO      run_ingestion  Starting watchlist ingestion: 1 tickers, pipelines=['p1', 'p2', 'p3', 'p4']
2026-02-24 23:22:59,523  INFO      run_ingestion  =======================================================
2026-02-24 23:22:59,523  INFO      run_ingestion  INGESTION START: NFLX  pipelines=['p1', 'p2', 'p3', 'p4']
2026-02-24 23:22:59,523  INFO      run_ingestion  =======================================================
2026-02-24 23:22:59,951  INFO      run_ingestion  [NFLX] Run summary -> NFLX_ingestion_run.json
2026-02-24 23:23:00,469  INFO      run_ingestion  Watchlist complete. Summary -> watchlist_run_summary.json
2026-02-24 23:58:53,749  INFO      run_ingestion  Starting watchlist ingestion: 1 tickers, pipelines=['p1', 'p2', 'p3', 'p4']
2026-02-24 23:58:53,750  INFO      run_ingestion  =======================================================
2026-02-24 23:58:53,750  INFO      run_ingestion  INGESTION START: NFLX  pipelines=['p1', 'p2', 'p3', 'p4']
2026-02-24 23:58:53,751  INFO      run_ingestion  =======================================================
2026-02-24 23:58:53,967  INFO      run_ingestion  [NFLX] Run summary -> NFLX_ingestion_run.json
2026-02-24 23:58:54,469  INFO      run_ingestion  Watchlist complete. Summary -> watchlist_run_summary.json
2026-02-25 00:02:39,516  INFO      run_ingestion  Starting watchlist ingestion: 1 tickers, pipelines=['p1', 'p2', 'p3', 'p4']
2026-02-25 00:02:39,517  INFO      run_ingestion  =======================================================
2026-02-25 00:02:39,517  INFO      run_ingestion  INGESTION START: NFLX  pipelines=['p1', 'p2', 'p3', 'p4']
2026-02-25 00:02:39,517  INFO      run_ingestion  =======================================================
2026-02-25 00:02:39,724  INFO      run_ingestion  [NFLX] Run summary -> NFLX_ingestion_run.json
2026-02-25 00:02:40,233  INFO      run_ingestion  Watchlist complete. Summary -> watchlist_run_summary.json
2026-02-25 00:18:58,028  INFO      run_ingestion  Starting watchlist ingestion: 1 tickers, pipelines=['p1', 'p2', 'p3', 'p4']
2026-02-25 00:18:58,028  INFO      run_ingestion  =======================================================
2026-02-25 00:18:58,029  INFO      run_ingestion  INGESTION START: AAPL  pipelines=['p1', 'p2', 'p3', 'p4']
2026-02-25 00:18:58,029  INFO      run_ingestion  =======================================================
2026-02-25 00:19:09,287  INFO      run_ingestion  [AAPL] Run summary -> AAPL_ingestion_run.json
2026-02-25 00:19:09,789  INFO      run_ingestion  Watchlist complete. Summary -> watchlist_run_summary.json
2026-02-25 00:28:06,791  INFO      run_ingestion  Starting watchlist ingestion: 1 tickers, pipelines=['p1', 'p2', 'p3', 'p4']
2026-02-25 00:28:06,792  INFO      run_ingestion  =======================================================
2026-02-25 00:28:06,792  INFO      run_ingestion  INGESTION START: MSFT  pipelines=['p1', 'p2', 'p3', 'p4']
2026-02-25 00:28:06,793  INFO      run_ingestion  =======================================================
2026-02-25 00:28:21,295  INFO      run_ingestion  [MSFT] Run summary -> MSFT_ingestion_run.json
2026-02-25 00:28:21,801  INFO      run_ingestion  Watchlist complete. Summary -> watchlist_run_summary.json
2026-02-25 01:48:01,672  INFO      run_ingestion  Starting watchlist ingestion: 1 tickers, pipelines=['p1', 'p2', 'p3', 'p4']
2026-02-25 01:48:01,672  INFO      run_ingestion  =======================================================
2026-02-25 01:48:01,672  INFO      run_ingestion  INGESTION START: NFLX  pipelines=['p1', 'p2', 'p3', 'p4']
2026-02-25 01:48:01,672  INFO      run_ingestion  =======================================================
2026-02-25 01:48:07,418  INFO      run_ingestion  [NFLX] Run summary -> NFLX_ingestion_run.json
2026-02-25 01:48:07,929  INFO      run_ingestion  Watchlist complete. Summary -> watchlist_run_summary.json
